0 verbose cli /usr/bin/node /usr/bin/npm
1 info using npm@9.2.0
2 info using node@v18.19.0
3 timing npm:load:whichnode Completed in 1ms
4 timing config:load:defaults Completed in 2ms
5 timing config:load:file:/usr/share/nodejs/npm/npmrc Completed in 5ms
6 timing config:load:builtin Completed in 6ms
7 timing config:load:cli Completed in 2ms
8 timing config:load:env Completed in 0ms
9 timing config:load:file:/home/user/frontend/.npmrc Completed in 1ms
10 timing config:load:project Completed in 3ms
11 timing config:load:file:/home/user/.npmrc Completed in 0ms
12 timing config:load:user Completed in 0ms
13 timing config:load:file:/etc/npmrc Completed in 1ms
14 timing config:load:global Completed in 1ms
15 timing config:load:setEnvs Completed in 1ms
16 timing config:load Completed in 15ms
17 timing npm:load:configload Completed in 15ms
18 timing npm:load:mkdirpcache Completed in 0ms
19 timing npm:load:mkdirplogs Completed in 0ms
20 verbose title npm create vite@latest . --template react
21 verbose argv "create" "vite@latest" "." "--" "--template" "react"
22 timing npm:load:setTitle Completed in 2ms
23 timing config:load:flatten Completed in 4ms
24 timing npm:load:display Completed in 5ms
25 verbose logfile logs-max:10 dir:/home/user/.npm/_logs/2025-05-08T16_36_25_037Z-
26 verbose logfile /home/user/.npm/_logs/2025-05-08T16_36_25_037Z-debug-0.log
27 timing npm:load:logFile Completed in 8ms
28 timing npm:load:timers Completed in 0ms
29 timing npm:load:configScope Completed in 1ms
30 timing npm:load Completed in 33ms
31 silly logfile done cleaning log files
32 timing arborist:ctor Completed in 1ms
33 http fetch GET 200 https://registry.npmjs.org/create-vite 209ms (cache miss)
34 timing arborist:ctor Completed in 0ms
35 warn exec The following package was not found and will be installed: create-vite@6.5.0
36 timing arborist:ctor Completed in 0ms
37 timing idealTree:init Completed in 6ms
38 timing idealTree:userRequests Completed in 4ms
39 silly idealTree buildDeps
40 silly fetch manifest create-vite@6.5.0
41 http fetch GET 200 https://registry.npmjs.org/create-vite 18ms (cache hit)
42 silly placeDep ROOT create-vite@6.5.0 OK for:  want: 6.5.0
43 timing idealTree:#root Completed in 30ms
44 timing idealTree:node_modules/create-vite Completed in 1ms
45 timing idealTree:buildDeps Completed in 32ms
46 timing idealTree:fixDepFlags Completed in 1ms
47 timing idealTree Completed in 45ms
48 timing reify:loadTrees Completed in 45ms
49 timing reify:diffTrees Completed in 2ms
50 silly reify moves {}
51 timing reify:retireShallow Completed in 1ms
52 timing reify:createSparse Completed in 2ms
53 timing reify:loadBundles Completed in 0ms
54 silly audit bulk request { 'create-vite': [ '6.5.0' ] }
55 silly tarball no local data for create-vite@https://registry.npmjs.org/create-vite/-/create-vite-6.5.0.tgz. Extracting by manifest.
56 http fetch POST 200 https://registry.npmjs.org/-/npm/v1/security/advisories/bulk 66ms
57 timing auditReport:getReport Completed in 68ms
58 silly audit report {}
59 timing auditReport:init Completed in 0ms
60 timing reify:audit Completed in 70ms
61 http fetch GET 200 https://registry.npmjs.org/create-vite/-/create-vite-6.5.0.tgz 188ms (cache miss)
62 timing reifyNode:node_modules/create-vite Completed in 199ms
63 timing reify:unpack Completed in 199ms
64 timing reify:unretire Completed in 0ms
65 timing build:queue Completed in 0ms
66 timing build:link:node_modules/create-vite Completed in 3ms
67 timing build:link Completed in 3ms
68 timing build:deps Completed in 4ms
69 timing build Completed in 5ms
70 timing reify:build Completed in 6ms
71 timing reify:trash Completed in 0ms
72 timing reify:save Completed in 7ms
73 timing reify Completed in 271ms
